2019-06-02 15:46:59.258  INFO 16156 --- [main] r.Application                            : Starting Application on DESKTOP-N5QHTFD with PID 16156 (I:\Diploma\Application\Spring\RoboHandApp\target\classes started by napal in I:\Diploma\Application\Spring\RoboHandApp)
2019-06-02 15:46:59.304  INFO 16156 --- [main] r.Application                            : No active profile set, falling back to default profiles: default
2019-06-02 15:47:00.395  INFO 16156 --- [main] o.s.b.w.e.t.TomcatWebServer              : Tomcat initialized with port(s): 8080 (http)
2019-06-02 15:47:00.424  INFO 16156 --- [main] o.a.c.c.StandardService                  : Starting service [Tomcat]
2019-06-02 15:47:00.424  INFO 16156 --- [main] o.a.c.c.StandardEngine                   : Starting Servlet engine: [Apache Tomcat/9.0.19]
2019-06-02 15:47:00.627  INFO 16156 --- [main] o.a.j.s.TldScanner                       : At least one JAR was scanned for TLDs yet contained no TLDs. Enable debug logging for this logger for a complete list of JARs that were scanned but no TLDs were found in them. Skipping unneeded JARs during scanning can improve startup time and JSP compilation time.
2019-06-02 15:47:00.635  INFO 16156 --- [main] o.a.c.c.C.[.[.[/]                        : Initializing Spring embedded WebApplicationContext
2019-06-02 15:47:00.635  INFO 16156 --- [main] o.s.w.c.ContextLoader                    : Root WebApplicationContext: initialization completed in 1238 ms
2019-06-02 15:47:00.858  INFO 16156 --- [main] o.s.s.c.ThreadPoolTaskExecutor           : Initializing ExecutorService 'applicationTaskExecutor'
2019-06-02 15:47:00.941  INFO 16156 --- [main] o.s.b.a.w.s.WelcomePageHandlerMapping    : Adding welcome page template: index
2019-06-02 15:47:01.047  INFO 16156 --- [main] o.s.b.w.e.t.TomcatWebServer              : Tomcat started on port(s): 8080 (http) with context path ''
2019-06-02 15:47:01.050  INFO 16156 --- [main] r.Application                            : Started Application in 2.437 seconds (JVM running for 3.627)
2019-06-02 15:47:02.307  INFO 16156 --- [http-nio-8080-exec-1] o.a.c.c.C.[.[.[/]                        : Initializing Spring DispatcherServlet 'dispatcherServlet'
2019-06-02 15:47:02.307  INFO 16156 --- [http-nio-8080-exec-1] o.s.w.s.DispatcherServlet                : Initializing Servlet 'dispatcherServlet'
2019-06-02 15:47:02.315  INFO 16156 --- [http-nio-8080-exec-1] o.s.w.s.DispatcherServlet                : Completed initialization in 8 ms
2019-06-02 15:47:02.915  WARN 16156 --- [http-nio-8080-exec-1] o.a.c.u.SessionIdGeneratorBase           : Creation of SecureRandom instance for session ID generation using [SHA1PRNG] took [146] milliseconds.
2019-06-02 15:47:04.578  INFO 16156 --- [http-nio-8080-exec-2] o.h.a.c.Version                          : HCANN000001: Hibernate Commons Annotations {4.0.4.Final}
2019-06-02 15:47:04.583  INFO 16156 --- [http-nio-8080-exec-2] o.h.Version                              : HHH000412: Hibernate Core {4.3.0.Final}
2019-06-02 15:47:04.585  INFO 16156 --- [http-nio-8080-exec-2] o.h.c.Environment                        : HHH000206: hibernate.properties not found
2019-06-02 15:47:04.587  INFO 16156 --- [http-nio-8080-exec-2] o.h.c.Environment                        : HHH000021: Bytecode provider name : javassist
2019-06-02 15:47:04.603  INFO 16156 --- [http-nio-8080-exec-2] o.h.c.Configuration                      : HHH000043: Configuring from resource: /hibernate.cfg.xml
2019-06-02 15:47:04.604  INFO 16156 --- [http-nio-8080-exec-2] o.h.c.Configuration                      : HHH000040: Configuration resource: /hibernate.cfg.xml
2019-06-02 15:47:04.636  INFO 16156 --- [http-nio-8080-exec-2] o.h.c.Configuration                      : HHH000041: Configured SessionFactory: null
2019-06-02 15:47:04.695  INFO 16156 --- [http-nio-8080-exec-2] .c.i.DriverManagerConnectionProviderImpl : HHH000402: Using Hibernate built-in connection pool (not for production use!)
2019-06-02 15:47:04.695  INFO 16156 --- [http-nio-8080-exec-2] .c.i.DriverManagerConnectionProviderImpl : HHH000401: using driver [null] at URL [jdbc:mysql://localhost:3306/robotichand]
2019-06-02 15:47:04.695  INFO 16156 --- [http-nio-8080-exec-2] .c.i.DriverManagerConnectionProviderImpl : HHH000046: Connection properties: {password=****, user=root}
2019-06-02 15:47:04.696  INFO 16156 --- [http-nio-8080-exec-2] .c.i.DriverManagerConnectionProviderImpl : HHH000006: Autocommit mode: false
2019-06-02 15:47:04.697  INFO 16156 --- [http-nio-8080-exec-2] .c.i.DriverManagerConnectionProviderImpl : HHH000115: Hibernate connection pool size: 20 (min=1)
2019-06-02 15:47:04.996  INFO 16156 --- [http-nio-8080-exec-2] o.h.d.Dialect                            : HHH000400: Using dialect: org.hibernate.dialect.MySQL5Dialect
2019-06-02 15:47:05.081  INFO 16156 --- [http-nio-8080-exec-2] o.h.e.t.i.TransactionFactoryInitiator    : HHH000399: Using default transaction strategy (direct JDBC transactions)
2019-06-02 15:47:05.084  INFO 16156 --- [http-nio-8080-exec-2] o.h.h.i.a.ASTQueryTranslatorFactory      : HHH000397: Using ASTQueryTranslatorFactory
2019-06-02 15:47:05.364 DEBUG 16156 --- [http-nio-8080-exec-2] o.h.SQL                                  : select user0_.login as col_0_0_ from User user0_ where user0_.login='' and user0_.password='eb34a3f0a617c91b009720af030f5995'
2019-06-02 15:47:05.377  INFO 16156 --- [http-nio-8080-exec-2] o.h.c.Configuration                      : HHH000043: Configuring from resource: /hibernate.cfg.xml
2019-06-02 15:47:05.377  INFO 16156 --- [http-nio-8080-exec-2] o.h.c.Configuration                      : HHH000040: Configuration resource: /hibernate.cfg.xml
2019-06-02 15:47:05.381  INFO 16156 --- [http-nio-8080-exec-2] o.h.c.Configuration                      : HHH000041: Configured SessionFactory: null
2019-06-02 15:47:05.384  INFO 16156 --- [http-nio-8080-exec-2] .c.i.DriverManagerConnectionProviderImpl : HHH000402: Using Hibernate built-in connection pool (not for production use!)
2019-06-02 15:47:05.384  INFO 16156 --- [http-nio-8080-exec-2] .c.i.DriverManagerConnectionProviderImpl : HHH000401: using driver [null] at URL [jdbc:mysql://localhost:3306/robotichand]
2019-06-02 15:47:05.384  INFO 16156 --- [http-nio-8080-exec-2] .c.i.DriverManagerConnectionProviderImpl : HHH000046: Connection properties: {password=****, user=root}
2019-06-02 15:47:05.384  INFO 16156 --- [http-nio-8080-exec-2] .c.i.DriverManagerConnectionProviderImpl : HHH000006: Autocommit mode: false
2019-06-02 15:47:05.384  INFO 16156 --- [http-nio-8080-exec-2] .c.i.DriverManagerConnectionProviderImpl : HHH000115: Hibernate connection pool size: 20 (min=1)
2019-06-02 15:47:05.397  INFO 16156 --- [http-nio-8080-exec-2] o.h.d.Dialect                            : HHH000400: Using dialect: org.hibernate.dialect.MySQL5Dialect
2019-06-02 15:47:05.403  INFO 16156 --- [http-nio-8080-exec-2] o.h.e.t.i.TransactionFactoryInitiator    : HHH000399: Using default transaction strategy (direct JDBC transactions)
2019-06-02 15:47:05.403  INFO 16156 --- [http-nio-8080-exec-2] o.h.h.i.a.ASTQueryTranslatorFactory      : HHH000397: Using ASTQueryTranslatorFactory
2019-06-02 15:47:05.427 DEBUG 16156 --- [http-nio-8080-exec-2] o.h.SQL                                  : select user0_.rights as col_0_0_ from User user0_ where user0_.login=''
2019-06-02 15:47:05.462  INFO 16156 --- [http-nio-8080-exec-3] o.h.c.Configuration                      : HHH000043: Configuring from resource: /hibernate.cfg.xml
2019-06-02 15:47:05.462  INFO 16156 --- [http-nio-8080-exec-3] o.h.c.Configuration                      : HHH000040: Configuration resource: /hibernate.cfg.xml
2019-06-02 15:47:05.468  INFO 16156 --- [http-nio-8080-exec-3] o.h.c.Configuration                      : HHH000041: Configured SessionFactory: null
2019-06-02 15:47:05.478  INFO 16156 --- [http-nio-8080-exec-3] .c.i.DriverManagerConnectionProviderImpl : HHH000402: Using Hibernate built-in connection pool (not for production use!)
2019-06-02 15:47:05.478  INFO 16156 --- [http-nio-8080-exec-3] .c.i.DriverManagerConnectionProviderImpl : HHH000401: using driver [null] at URL [jdbc:mysql://localhost:3306/robotichand]
2019-06-02 15:47:05.478  INFO 16156 --- [http-nio-8080-exec-3] .c.i.DriverManagerConnectionProviderImpl : HHH000046: Connection properties: {password=****, user=root}
2019-06-02 15:47:05.478  INFO 16156 --- [http-nio-8080-exec-3] .c.i.DriverManagerConnectionProviderImpl : HHH000006: Autocommit mode: false
2019-06-02 15:47:05.479  INFO 16156 --- [http-nio-8080-exec-3] .c.i.DriverManagerConnectionProviderImpl : HHH000115: Hibernate connection pool size: 20 (min=1)
2019-06-02 15:47:05.492  INFO 16156 --- [http-nio-8080-exec-3] o.h.d.Dialect                            : HHH000400: Using dialect: org.hibernate.dialect.MySQL5Dialect
2019-06-02 15:47:05.500  INFO 16156 --- [http-nio-8080-exec-3] o.h.e.t.i.TransactionFactoryInitiator    : HHH000399: Using default transaction strategy (direct JDBC transactions)
2019-06-02 15:47:05.500  INFO 16156 --- [http-nio-8080-exec-3] o.h.h.i.a.ASTQueryTranslatorFactory      : HHH000397: Using ASTQueryTranslatorFactory
2019-06-02 15:47:05.519 DEBUG 16156 --- [http-nio-8080-exec-3] o.h.SQL                                  : select action0_.handAction as handActi1_0_, action0_.actionLeap as actionLe2_0_, action0_.availability as availabi3_0_, action0_.leapMax as leapMax4_0_, action0_.leapMin as leapMin5_0_, action0_.servoDirection as servoDir6_0_, action0_.servoMax as servoMax7_0_, action0_.servoMin as servoMin8_0_ from Action action0_
2019-06-02 15:47:58.777  INFO 5364 --- [main] r.Application                            : Starting Application on DESKTOP-N5QHTFD with PID 5364 (I:\Diploma\Application\Spring\RoboHandApp\target\classes started by napal in I:\Diploma\Application\Spring\RoboHandApp)
2019-06-02 15:47:58.784  INFO 5364 --- [main] r.Application                            : No active profile set, falling back to default profiles: default
2019-06-02 15:47:59.751  INFO 5364 --- [main] o.s.b.w.e.t.TomcatWebServer              : Tomcat initialized with port(s): 8080 (http)
2019-06-02 15:47:59.778  INFO 5364 --- [main] o.a.c.c.StandardService                  : Starting service [Tomcat]
2019-06-02 15:47:59.778  INFO 5364 --- [main] o.a.c.c.StandardEngine                   : Starting Servlet engine: [Apache Tomcat/9.0.19]
2019-06-02 15:47:59.981  INFO 5364 --- [main] o.a.j.s.TldScanner                       : At least one JAR was scanned for TLDs yet contained no TLDs. Enable debug logging for this logger for a complete list of JARs that were scanned but no TLDs were found in them. Skipping unneeded JARs during scanning can improve startup time and JSP compilation time.
2019-06-02 15:47:59.989  INFO 5364 --- [main] o.a.c.c.C.[.[.[/]                        : Initializing Spring embedded WebApplicationContext
2019-06-02 15:47:59.989  INFO 5364 --- [main] o.s.w.c.ContextLoader                    : Root WebApplicationContext: initialization completed in 1152 ms
2019-06-02 15:48:00.229  INFO 5364 --- [main] o.s.s.c.ThreadPoolTaskExecutor           : Initializing ExecutorService 'applicationTaskExecutor'
2019-06-02 15:48:00.307  INFO 5364 --- [main] o.s.b.a.w.s.WelcomePageHandlerMapping    : Adding welcome page template: index
2019-06-02 15:48:00.410  INFO 5364 --- [main] o.s.b.w.e.t.TomcatWebServer              : Tomcat started on port(s): 8080 (http) with context path ''
2019-06-02 15:48:00.413  INFO 5364 --- [main] r.Application                            : Started Application in 2.4 seconds (JVM running for 3.534)
2019-06-02 15:48:03.735  INFO 5364 --- [http-nio-8080-exec-1] o.a.c.c.C.[.[.[/]                        : Initializing Spring DispatcherServlet 'dispatcherServlet'
2019-06-02 15:48:03.736  INFO 5364 --- [http-nio-8080-exec-1] o.s.w.s.DispatcherServlet                : Initializing Servlet 'dispatcherServlet'
2019-06-02 15:48:03.741  INFO 5364 --- [http-nio-8080-exec-1] o.s.w.s.DispatcherServlet                : Completed initialization in 5 ms
2019-06-02 15:48:04.265  WARN 5364 --- [http-nio-8080-exec-1] o.a.c.u.SessionIdGeneratorBase           : Creation of SecureRandom instance for session ID generation using [SHA1PRNG] took [150] milliseconds.
2019-06-02 15:48:05.636  INFO 5364 --- [http-nio-8080-exec-2] o.h.a.c.Version                          : HCANN000001: Hibernate Commons Annotations {4.0.4.Final}
2019-06-02 15:48:05.640  INFO 5364 --- [http-nio-8080-exec-2] o.h.Version                              : HHH000412: Hibernate Core {4.3.0.Final}
2019-06-02 15:48:05.643  INFO 5364 --- [http-nio-8080-exec-2] o.h.c.Environment                        : HHH000206: hibernate.properties not found
2019-06-02 15:48:05.644  INFO 5364 --- [http-nio-8080-exec-2] o.h.c.Environment                        : HHH000021: Bytecode provider name : javassist
2019-06-02 15:48:05.658  INFO 5364 --- [http-nio-8080-exec-2] o.h.c.Configuration                      : HHH000043: Configuring from resource: /hibernate.cfg.xml
2019-06-02 15:48:05.658  INFO 5364 --- [http-nio-8080-exec-2] o.h.c.Configuration                      : HHH000040: Configuration resource: /hibernate.cfg.xml
2019-06-02 15:48:05.687  INFO 5364 --- [http-nio-8080-exec-2] o.h.c.Configuration                      : HHH000041: Configured SessionFactory: null
2019-06-02 15:48:05.740  INFO 5364 --- [http-nio-8080-exec-2] .c.i.DriverManagerConnectionProviderImpl : HHH000402: Using Hibernate built-in connection pool (not for production use!)
2019-06-02 15:48:05.741  INFO 5364 --- [http-nio-8080-exec-2] .c.i.DriverManagerConnectionProviderImpl : HHH000401: using driver [null] at URL [jdbc:mysql://localhost:3306/robotichand]
2019-06-02 15:48:05.741  INFO 5364 --- [http-nio-8080-exec-2] .c.i.DriverManagerConnectionProviderImpl : HHH000046: Connection properties: {password=****, user=root}
2019-06-02 15:48:05.742  INFO 5364 --- [http-nio-8080-exec-2] .c.i.DriverManagerConnectionProviderImpl : HHH000006: Autocommit mode: false
2019-06-02 15:48:05.743  INFO 5364 --- [http-nio-8080-exec-2] .c.i.DriverManagerConnectionProviderImpl : HHH000115: Hibernate connection pool size: 20 (min=1)
2019-06-02 15:48:06.050  INFO 5364 --- [http-nio-8080-exec-2] o.h.d.Dialect                            : HHH000400: Using dialect: org.hibernate.dialect.MySQL5Dialect
2019-06-02 15:48:06.151  INFO 5364 --- [http-nio-8080-exec-2] o.h.e.t.i.TransactionFactoryInitiator    : HHH000399: Using default transaction strategy (direct JDBC transactions)
2019-06-02 15:48:06.154  INFO 5364 --- [http-nio-8080-exec-2] o.h.h.i.a.ASTQueryTranslatorFactory      : HHH000397: Using ASTQueryTranslatorFactory
2019-06-02 15:48:06.433 DEBUG 5364 --- [http-nio-8080-exec-2] o.h.SQL                                  : select user0_.login as col_0_0_ from User user0_ where user0_.login='' and user0_.password='eb34a3f0a617c91b009720af030f5995'
2019-06-02 15:48:06.460  INFO 5364 --- [http-nio-8080-exec-2] o.h.c.Configuration                      : HHH000043: Configuring from resource: /hibernate.cfg.xml
2019-06-02 15:48:06.461  INFO 5364 --- [http-nio-8080-exec-2] o.h.c.Configuration                      : HHH000040: Configuration resource: /hibernate.cfg.xml
2019-06-02 15:48:06.468  INFO 5364 --- [http-nio-8080-exec-2] o.h.c.Configuration                      : HHH000041: Configured SessionFactory: null
2019-06-02 15:48:06.474  INFO 5364 --- [http-nio-8080-exec-2] .c.i.DriverManagerConnectionProviderImpl : HHH000402: Using Hibernate built-in connection pool (not for production use!)
2019-06-02 15:48:06.474  INFO 5364 --- [http-nio-8080-exec-2] .c.i.DriverManagerConnectionProviderImpl : HHH000401: using driver [null] at URL [jdbc:mysql://localhost:3306/robotichand]
2019-06-02 15:48:06.476  INFO 5364 --- [http-nio-8080-exec-2] .c.i.DriverManagerConnectionProviderImpl : HHH000046: Connection properties: {password=****, user=root}
2019-06-02 15:48:06.476  INFO 5364 --- [http-nio-8080-exec-2] .c.i.DriverManagerConnectionProviderImpl : HHH000006: Autocommit mode: false
2019-06-02 15:48:06.477  INFO 5364 --- [http-nio-8080-exec-2] .c.i.DriverManagerConnectionProviderImpl : HHH000115: Hibernate connection pool size: 20 (min=1)
2019-06-02 15:48:06.504  INFO 5364 --- [http-nio-8080-exec-2] o.h.d.Dialect                            : HHH000400: Using dialect: org.hibernate.dialect.MySQL5Dialect
2019-06-02 15:48:06.510  INFO 5364 --- [http-nio-8080-exec-2] o.h.e.t.i.TransactionFactoryInitiator    : HHH000399: Using default transaction strategy (direct JDBC transactions)
2019-06-02 15:48:06.511  INFO 5364 --- [http-nio-8080-exec-2] o.h.h.i.a.ASTQueryTranslatorFactory      : HHH000397: Using ASTQueryTranslatorFactory
2019-06-02 15:48:06.537 DEBUG 5364 --- [http-nio-8080-exec-2] o.h.SQL                                  : select user0_.rights as col_0_0_ from User user0_ where user0_.login=''
2019-06-02 15:48:06.556  INFO 5364 --- [http-nio-8080-exec-3] o.h.c.Configuration                      : HHH000043: Configuring from resource: /hibernate.cfg.xml
2019-06-02 15:48:06.556  INFO 5364 --- [http-nio-8080-exec-3] o.h.c.Configuration                      : HHH000040: Configuration resource: /hibernate.cfg.xml
2019-06-02 15:48:06.561  INFO 5364 --- [http-nio-8080-exec-3] o.h.c.Configuration                      : HHH000041: Configured SessionFactory: null
2019-06-02 15:48:06.567  INFO 5364 --- [http-nio-8080-exec-3] .c.i.DriverManagerConnectionProviderImpl : HHH000402: Using Hibernate built-in connection pool (not for production use!)
2019-06-02 15:48:06.567  INFO 5364 --- [http-nio-8080-exec-3] .c.i.DriverManagerConnectionProviderImpl : HHH000401: using driver [null] at URL [jdbc:mysql://localhost:3306/robotichand]
2019-06-02 15:48:06.568  INFO 5364 --- [http-nio-8080-exec-3] .c.i.DriverManagerConnectionProviderImpl : HHH000046: Connection properties: {password=****, user=root}
2019-06-02 15:48:06.568  INFO 5364 --- [http-nio-8080-exec-3] .c.i.DriverManagerConnectionProviderImpl : HHH000006: Autocommit mode: false
2019-06-02 15:48:06.568  INFO 5364 --- [http-nio-8080-exec-3] .c.i.DriverManagerConnectionProviderImpl : HHH000115: Hibernate connection pool size: 20 (min=1)
2019-06-02 15:48:06.582  INFO 5364 --- [http-nio-8080-exec-3] o.h.d.Dialect                            : HHH000400: Using dialect: org.hibernate.dialect.MySQL5Dialect
2019-06-02 15:48:06.591  INFO 5364 --- [http-nio-8080-exec-3] o.h.e.t.i.TransactionFactoryInitiator    : HHH000399: Using default transaction strategy (direct JDBC transactions)
2019-06-02 15:48:06.591  INFO 5364 --- [http-nio-8080-exec-3] o.h.h.i.a.ASTQueryTranslatorFactory      : HHH000397: Using ASTQueryTranslatorFactory
2019-06-02 15:48:06.609 DEBUG 5364 --- [http-nio-8080-exec-3] o.h.SQL                                  : select action0_.handAction as handActi1_0_, action0_.actionLeap as actionLe2_0_, action0_.availability as availabi3_0_, action0_.leapMax as leapMax4_0_, action0_.leapMin as leapMin5_0_, action0_.servoDirection as servoDir6_0_, action0_.servoMax as servoMax7_0_, action0_.servoMin as servoMin8_0_ from Action action0_
2019-06-02 15:48:28.320  INFO 12504 --- [main] r.Application                            : Starting Application on DESKTOP-N5QHTFD with PID 12504 (I:\Diploma\Application\Spring\RoboHandApp\target\classes started by napal in I:\Diploma\Application\Spring\RoboHandApp)
2019-06-02 15:48:28.357  INFO 12504 --- [main] r.Application                            : No active profile set, falling back to default profiles: default
2019-06-02 15:48:29.347  INFO 12504 --- [main] o.s.b.w.e.t.TomcatWebServer              : Tomcat initialized with port(s): 8080 (http)
2019-06-02 15:48:29.377  INFO 12504 --- [main] o.a.c.c.StandardService                  : Starting service [Tomcat]
2019-06-02 15:48:29.378  INFO 12504 --- [main] o.a.c.c.StandardEngine                   : Starting Servlet engine: [Apache Tomcat/9.0.19]
2019-06-02 15:48:29.597  INFO 12504 --- [main] o.a.j.s.TldScanner                       : At least one JAR was scanned for TLDs yet contained no TLDs. Enable debug logging for this logger for a complete list of JARs that were scanned but no TLDs were found in them. Skipping unneeded JARs during scanning can improve startup time and JSP compilation time.
2019-06-02 15:48:29.606  INFO 12504 --- [main] o.a.c.c.C.[.[.[/]                        : Initializing Spring embedded WebApplicationContext
2019-06-02 15:48:29.606  INFO 12504 --- [main] o.s.w.c.ContextLoader                    : Root WebApplicationContext: initialization completed in 1205 ms
2019-06-02 15:48:29.840  INFO 12504 --- [main] o.s.s.c.ThreadPoolTaskExecutor           : Initializing ExecutorService 'applicationTaskExecutor'
2019-06-02 15:48:29.919  INFO 12504 --- [main] o.s.b.a.w.s.WelcomePageHandlerMapping    : Adding welcome page template: index
2019-06-02 15:48:30.029  INFO 12504 --- [main] o.s.b.w.e.t.TomcatWebServer              : Tomcat started on port(s): 8080 (http) with context path ''
2019-06-02 15:48:30.032  INFO 12504 --- [main] r.Application                            : Started Application in 2.859 seconds (JVM running for 4.13)
2019-06-02 15:48:30.993  INFO 12504 --- [http-nio-8080-exec-1] o.a.c.c.C.[.[.[/]                        : Initializing Spring DispatcherServlet 'dispatcherServlet'
2019-06-02 15:48:30.993  INFO 12504 --- [http-nio-8080-exec-1] o.s.w.s.DispatcherServlet                : Initializing Servlet 'dispatcherServlet'
2019-06-02 15:48:30.997  INFO 12504 --- [http-nio-8080-exec-1] o.s.w.s.DispatcherServlet                : Completed initialization in 4 ms
2019-06-02 15:48:31.517  WARN 12504 --- [http-nio-8080-exec-1] o.a.c.u.SessionIdGeneratorBase           : Creation of SecureRandom instance for session ID generation using [SHA1PRNG] took [142] milliseconds.
2019-06-02 15:48:33.326  INFO 12504 --- [http-nio-8080-exec-2] o.h.a.c.Version                          : HCANN000001: Hibernate Commons Annotations {4.0.4.Final}
2019-06-02 15:48:33.330  INFO 12504 --- [http-nio-8080-exec-2] o.h.Version                              : HHH000412: Hibernate Core {4.3.0.Final}
2019-06-02 15:48:33.333  INFO 12504 --- [http-nio-8080-exec-2] o.h.c.Environment                        : HHH000206: hibernate.properties not found
2019-06-02 15:48:33.334  INFO 12504 --- [http-nio-8080-exec-2] o.h.c.Environment                        : HHH000021: Bytecode provider name : javassist
2019-06-02 15:48:33.348  INFO 12504 --- [http-nio-8080-exec-2] o.h.c.Configuration                      : HHH000043: Configuring from resource: /hibernate.cfg.xml
2019-06-02 15:48:33.348  INFO 12504 --- [http-nio-8080-exec-2] o.h.c.Configuration                      : HHH000040: Configuration resource: /hibernate.cfg.xml
2019-06-02 15:48:33.379  INFO 12504 --- [http-nio-8080-exec-2] o.h.c.Configuration                      : HHH000041: Configured SessionFactory: null
2019-06-02 15:48:33.432  INFO 12504 --- [http-nio-8080-exec-2] .c.i.DriverManagerConnectionProviderImpl : HHH000402: Using Hibernate built-in connection pool (not for production use!)
2019-06-02 15:48:33.433  INFO 12504 --- [http-nio-8080-exec-2] .c.i.DriverManagerConnectionProviderImpl : HHH000401: using driver [null] at URL [jdbc:mysql://localhost:3306/robotichand]
2019-06-02 15:48:33.433  INFO 12504 --- [http-nio-8080-exec-2] .c.i.DriverManagerConnectionProviderImpl : HHH000046: Connection properties: {password=****, user=root}
2019-06-02 15:48:33.434  INFO 12504 --- [http-nio-8080-exec-2] .c.i.DriverManagerConnectionProviderImpl : HHH000006: Autocommit mode: false
2019-06-02 15:48:33.435  INFO 12504 --- [http-nio-8080-exec-2] .c.i.DriverManagerConnectionProviderImpl : HHH000115: Hibernate connection pool size: 20 (min=1)
2019-06-02 15:48:33.720  INFO 12504 --- [http-nio-8080-exec-2] o.h.d.Dialect                            : HHH000400: Using dialect: org.hibernate.dialect.MySQL5Dialect
2019-06-02 15:48:33.821  INFO 12504 --- [http-nio-8080-exec-2] o.h.e.t.i.TransactionFactoryInitiator    : HHH000399: Using default transaction strategy (direct JDBC transactions)
2019-06-02 15:48:33.824  INFO 12504 --- [http-nio-8080-exec-2] o.h.h.i.a.ASTQueryTranslatorFactory      : HHH000397: Using ASTQueryTranslatorFactory
2019-06-02 15:48:34.123 DEBUG 12504 --- [http-nio-8080-exec-2] o.h.SQL                                  : select user0_.login as col_0_0_ from User user0_ where user0_.login='' and user0_.password='eb34a3f0a617c91b009720af030f5995'
2019-06-02 15:48:34.136  INFO 12504 --- [http-nio-8080-exec-2] o.h.c.Configuration                      : HHH000043: Configuring from resource: /hibernate.cfg.xml
2019-06-02 15:48:34.137  INFO 12504 --- [http-nio-8080-exec-2] o.h.c.Configuration                      : HHH000040: Configuration resource: /hibernate.cfg.xml
2019-06-02 15:48:34.140  INFO 12504 --- [http-nio-8080-exec-2] o.h.c.Configuration                      : HHH000041: Configured SessionFactory: null
2019-06-02 15:48:34.143  INFO 12504 --- [http-nio-8080-exec-2] .c.i.DriverManagerConnectionProviderImpl : HHH000402: Using Hibernate built-in connection pool (not for production use!)
2019-06-02 15:48:34.143  INFO 12504 --- [http-nio-8080-exec-2] .c.i.DriverManagerConnectionProviderImpl : HHH000401: using driver [null] at URL [jdbc:mysql://localhost:3306/robotichand]
2019-06-02 15:48:34.143  INFO 12504 --- [http-nio-8080-exec-2] .c.i.DriverManagerConnectionProviderImpl : HHH000046: Connection properties: {password=****, user=root}
2019-06-02 15:48:34.144  INFO 12504 --- [http-nio-8080-exec-2] .c.i.DriverManagerConnectionProviderImpl : HHH000006: Autocommit mode: false
2019-06-02 15:48:34.144  INFO 12504 --- [http-nio-8080-exec-2] .c.i.DriverManagerConnectionProviderImpl : HHH000115: Hibernate connection pool size: 20 (min=1)
2019-06-02 15:48:34.156  INFO 12504 --- [http-nio-8080-exec-2] o.h.d.Dialect                            : HHH000400: Using dialect: org.hibernate.dialect.MySQL5Dialect
2019-06-02 15:48:34.162  INFO 12504 --- [http-nio-8080-exec-2] o.h.e.t.i.TransactionFactoryInitiator    : HHH000399: Using default transaction strategy (direct JDBC transactions)
2019-06-02 15:48:34.163  INFO 12504 --- [http-nio-8080-exec-2] o.h.h.i.a.ASTQueryTranslatorFactory      : HHH000397: Using ASTQueryTranslatorFactory
2019-06-02 15:48:34.183 DEBUG 12504 --- [http-nio-8080-exec-2] o.h.SQL                                  : select user0_.rights as col_0_0_ from User user0_ where user0_.login=''
2019-06-02 15:48:34.203  INFO 12504 --- [http-nio-8080-exec-3] o.h.c.Configuration                      : HHH000043: Configuring from resource: /hibernate.cfg.xml
2019-06-02 15:48:34.204  INFO 12504 --- [http-nio-8080-exec-3] o.h.c.Configuration                      : HHH000040: Configuration resource: /hibernate.cfg.xml
2019-06-02 15:48:34.208  INFO 12504 --- [http-nio-8080-exec-3] o.h.c.Configuration                      : HHH000041: Configured SessionFactory: null
2019-06-02 15:48:34.210  INFO 12504 --- [http-nio-8080-exec-3] .c.i.DriverManagerConnectionProviderImpl : HHH000402: Using Hibernate built-in connection pool (not for production use!)
2019-06-02 15:48:34.210  INFO 12504 --- [http-nio-8080-exec-3] .c.i.DriverManagerConnectionProviderImpl : HHH000401: using driver [null] at URL [jdbc:mysql://localhost:3306/robotichand]
2019-06-02 15:48:34.210  INFO 12504 --- [http-nio-8080-exec-3] .c.i.DriverManagerConnectionProviderImpl : HHH000046: Connection properties: {password=****, user=root}
2019-06-02 15:48:34.210  INFO 12504 --- [http-nio-8080-exec-3] .c.i.DriverManagerConnectionProviderImpl : HHH000006: Autocommit mode: false
2019-06-02 15:48:34.210  INFO 12504 --- [http-nio-8080-exec-3] .c.i.DriverManagerConnectionProviderImpl : HHH000115: Hibernate connection pool size: 20 (min=1)
2019-06-02 15:48:34.223  INFO 12504 --- [http-nio-8080-exec-3] o.h.d.Dialect                            : HHH000400: Using dialect: org.hibernate.dialect.MySQL5Dialect
2019-06-02 15:48:34.230  INFO 12504 --- [http-nio-8080-exec-3] o.h.e.t.i.TransactionFactoryInitiator    : HHH000399: Using default transaction strategy (direct JDBC transactions)
2019-06-02 15:48:34.230  INFO 12504 --- [http-nio-8080-exec-3] o.h.h.i.a.ASTQueryTranslatorFactory      : HHH000397: Using ASTQueryTranslatorFactory
2019-06-02 15:48:34.251 DEBUG 12504 --- [http-nio-8080-exec-3] o.h.SQL                                  : select action0_.handAction as handActi1_0_, action0_.actionLeap as actionLe2_0_, action0_.availability as availabi3_0_, action0_.leapMax as leapMax4_0_, action0_.leapMin as leapMin5_0_, action0_.servoDirection as servoDir6_0_, action0_.servoMax as servoMax7_0_, action0_.servoMin as servoMin8_0_ from Action action0_
